<?xml version="1.0" encoding="UTF-8"?>
<testng-results ignored="0" total="4" passed="4" failed="0" skipped="0">
  <reporter-output>
  </reporter-output>
  <suite started-at="2022-03-08T04:23:03Z" name="Suite" finished-at="2022-03-08T04:24:04Z" duration-ms="60389">
    <groups>
    </groups>
    <test started-at="2022-03-08T04:23:03Z" name="Test" finished-at="2022-03-08T04:24:04Z" duration-ms="60389">
      <class name="com.securion.tests.RetirementCalculatorTest">
        <test-method is-config="true" signature="beforeTest(java.lang.String)[pri:0, instance:com.securion.tests.RetirementCalculatorTest@127a7a2e]" started-at="2022-03-07T20:23:03Z" name="beforeTest" finished-at="2022-03-07T20:23:18Z" duration-ms="14449" status="PASS">
          <params>
            <param index="0">
              <value>
                <![CDATA[chrome]]>
              </value>
            </param>
          </params>
          <reporter-output>
          </reporter-output>
        </test-method> <!-- beforeTest -->
        <test-method signature="calcWithoutSocialBenefits()[pri:0, instance:com.securion.tests.RetirementCalculatorTest@127a7a2e]" started-at="2022-03-07T20:23:18Z" name="calcWithoutSocialBenefits" finished-at="2022-03-07T20:23:21Z" duration-ms="3500" status="PASS">
          <reporter-output>
          </reporter-output>
        </test-method> <!-- calcWithoutSocialBenefits -->
        <test-method is-config="true" signature="beforeTest()[pri:0, instance:com.securion.tests.RetirementCalculatorTest@127a7a2e]" started-at="2022-03-07T20:23:21Z" name="beforeTest" finished-at="2022-03-07T20:23:22Z" duration-ms="305" status="PASS">
          <reporter-output>
          </reporter-output>
        </test-method> <!-- beforeTest -->
        <test-method is-config="true" signature="beforeTest(java.lang.String)[pri:0, instance:com.securion.tests.RetirementCalculatorTest@127a7a2e]" started-at="2022-03-07T20:23:22Z" name="beforeTest" finished-at="2022-03-07T20:23:32Z" duration-ms="10621" status="PASS">
          <params>
            <param index="0">
              <value>
                <![CDATA[chrome]]>
              </value>
            </param>
          </params>
          <reporter-output>
          </reporter-output>
        </test-method> <!-- beforeTest -->
        <test-method signature="socialBenefitsToggle()[pri:1, instance:com.securion.tests.RetirementCalculatorTest@127a7a2e]" started-at="2022-03-07T20:23:32Z" name="socialBenefitsToggle" finished-at="2022-03-07T20:23:35Z" duration-ms="2426" status="PASS">
          <reporter-output>
          </reporter-output>
        </test-method> <!-- socialBenefitsToggle -->
        <test-method is-config="true" signature="beforeTest()[pri:0, instance:com.securion.tests.RetirementCalculatorTest@127a7a2e]" started-at="2022-03-07T20:23:35Z" name="beforeTest" finished-at="2022-03-07T20:23:35Z" duration-ms="285" status="PASS">
          <reporter-output>
          </reporter-output>
        </test-method> <!-- beforeTest -->
        <test-method is-config="true" signature="beforeTest(java.lang.String)[pri:0, instance:com.securion.tests.RetirementCalculatorTest@127a7a2e]" started-at="2022-03-07T20:23:35Z" name="beforeTest" finished-at="2022-03-07T20:23:46Z" duration-ms="10809" status="PASS">
          <params>
            <param index="0">
              <value>
                <![CDATA[chrome]]>
              </value>
            </param>
          </params>
          <reporter-output>
          </reporter-output>
        </test-method> <!-- beforeTest -->
        <test-method signature="defaultCalculatorValues()[pri:2, instance:com.securion.tests.RetirementCalculatorTest@127a7a2e]" started-at="2022-03-07T20:23:46Z" name="defaultCalculatorValues" finished-at="2022-03-07T20:23:46Z" duration-ms="574" status="PASS">
          <reporter-output>
          </reporter-output>
        </test-method> <!-- defaultCalculatorValues -->
        <test-method is-config="true" signature="beforeTest()[pri:0, instance:com.securion.tests.RetirementCalculatorTest@127a7a2e]" started-at="2022-03-07T20:23:46Z" name="beforeTest" finished-at="2022-03-07T20:23:48Z" duration-ms="1154" status="PASS">
          <reporter-output>
          </reporter-output>
        </test-method> <!-- beforeTest -->
        <test-method is-config="true" signature="beforeTest(java.lang.String)[pri:0, instance:com.securion.tests.RetirementCalculatorTest@127a7a2e]" started-at="2022-03-07T20:23:48Z" name="beforeTest" finished-at="2022-03-07T20:23:58Z" duration-ms="10821" status="PASS">
          <params>
            <param index="0">
              <value>
                <![CDATA[chrome]]>
              </value>
            </param>
          </params>
          <reporter-output>
          </reporter-output>
        </test-method> <!-- beforeTest -->
        <test-method signature="calcWithAdjValues()[pri:3, instance:com.securion.tests.RetirementCalculatorTest@127a7a2e]" started-at="2022-03-07T20:23:58Z" name="calcWithAdjValues" finished-at="2022-03-07T20:24:04Z" duration-ms="5269" status="PASS">
          <reporter-output>
          </reporter-output>
        </test-method> <!-- calcWithAdjValues -->
        <test-method is-config="true" signature="beforeTest()[pri:0, instance:com.securion.tests.RetirementCalculatorTest@127a7a2e]" started-at="2022-03-07T20:24:04Z" name="beforeTest" finished-at="2022-03-07T20:24:04Z" duration-ms="146" status="PASS">
          <reporter-output>
          </reporter-output>
        </test-method> <!-- beforeTest -->
      </class> <!-- com.securion.tests.RetirementCalculatorTest -->
    </test> <!-- Test -->
  </suite> <!-- Suite -->
</testng-results>
