<?xml version="1.0" encoding="UTF-8"?>
<!-- Generated by org.testng.reporters.JUnitXMLReporter -->
<testsuite ignored="0" hostname="varunas-air.lan" failures="0" tests="4" name="Test" time="60.389" errors="0" timestamp="08 Mar 2022 04:24:04 GMT">
  <testcase classname="com.securion.tests.RetirementCalculatorTest" name="calcWithoutSocialBenefits" time="3.5"/>
  <testcase classname="com.securion.tests.RetirementCalculatorTest" name="socialBenefitsToggle" time="2.426"/>
  <testcase classname="com.securion.tests.RetirementCalculatorTest" name="defaultCalculatorValues" time="0.574"/>
  <testcase classname="com.securion.tests.RetirementCalculatorTest" name="calcWithAdjValues" time="5.269"/>
</testsuite> <!-- Test -->
